[23:04:01] [Test worker/INFO]: Image pull policy will be performed by: DefaultPullPolicy()
[23:04:01] [Test worker/INFO]: Image name substitution will be performed by: DefaultImageNameSubstitutor (composite of 'ConfigurationFileImageNameSubstitutor' and 'PrefixingImageNameSubstitutor')
[23:04:01] [Test worker/INFO]: Testcontainers version: 1.20.3
[23:04:01] [Test worker/INFO]: Loaded org.testcontainers.dockerclient.UnixSocketClientProviderStrategy from ~/.testcontainers.properties, will try it first
[23:04:02] [Test worker/INFO]: Found Docker environment with local Unix socket (unix:///var/run/docker.sock)
[23:04:02] [Test worker/INFO]: Docker host IP address is localhost
[23:04:02] [Test worker/INFO]: Connected to docker: 
  Server Version: 28.4.0
  API Version: 1.51
  Operating System: Docker Desktop
  Total Memory: 3919 MB
  Labels: 
    com.docker.desktop.address=unix:///Users/fk/Library/Containers/com.docker.docker/Data/docker-cli.sock
[23:04:02] [Test worker/INFO]: Creating container for image: testcontainers/ryuk:0.9.0
[23:04:02] [Test worker/INFO]: Failure when attempting to lookup auth config. Please ignore if you don't have images in an authenticated registry. Details: (dockerImageName: testcontainers/ryuk:0.9.0, configFile: /Users/fk/.docker/config.json, configEnv: DOCKER_AUTH_CONFIG). Falling back to docker-java default behaviour. Exception message: Unrecognized token 'credentials': was expecting ('true', 'false' or 'null')
 at [Source: credentials not found in native keychain; line: 1, column: 12]
[23:04:02] [Test worker/INFO]: Container testcontainers/ryuk:0.9.0 is starting: 2f0f6c65ce1ed540c82613fc7657a556676d015ba7490cf7befc60c50f1731f8
[23:04:02] [Test worker/INFO]: Container testcontainers/ryuk:0.9.0 started in PT0.631494S
[23:04:02] [Test worker/INFO]: Ryuk started - will monitor and terminate Testcontainers containers on JVM exit
[23:04:02] [Test worker/INFO]: Checking the system...
[23:04:02] [Test worker/INFO]: ✔︎ Docker server version should be at least 1.6.0
[23:04:02] [Test worker/INFO]: Creating container for image: postgres:16.4
[23:04:02] [Test worker/INFO]: Container postgres:16.4 is starting: ea3a2ddc0da4cf69cc994b9d4497497e321fd4d58b19ddc833bbf4a5152ba719
[23:04:03] [Test worker/INFO]: Container postgres:16.4 started in PT1.059679S
[23:04:03] [Test worker/INFO]: Container is started (JDBC URL: jdbc:postgresql://localhost:54621/test?loggerLevel=OFF)
[23:04:03] [Test worker/INFO]: Initializing DB connection pool...
[23:04:03] [Test worker/INFO]: Loaded DB configuration from application.properties
[23:04:03] [Test worker/INFO]: HikariPool-1 - Starting...
[23:04:04] [Test worker/INFO]: HikariPool-1 - Added connection org.postgresql.jdbc.PgConnection@606f81b5
[23:04:04] [Test worker/INFO]: HikariPool-1 - Start completed.
[23:04:04] [Test worker/INFO]: Verified or created 'messages' table
[23:04:04] [Test worker/INFO]: DB ready (pool created, schema ensured)
[23:04:04] [Test worker/INFO]: HikariPool-1 - Shutdown initiated...
[23:04:04] [Test worker/INFO]: HikariPool-1 - Shutdown completed.
